2025-06-08 08:58:00,551 [Worker-6: Loading available Gradle versions] INFO  o.e.b.c.i.u.g.PublishedGradleVersions - Gradle version information cache is not available. Remote download required.
2025-06-08 09:03:20,422 [Worker-5: Import Getting Started Content] INFO  o.e.m.c.i.l.LifecycleMappingFactory - Using org.eclipse.m2e.jdt.JarLifecycleMapping lifecycle mapping for MavenProject: com.crypto:crypto-trading-platform:0.0.1-SNAPSHOT @ D:\CDAC-Project\backend-crypto\demo\pom.xml.
2025-06-08 09:03:29,299 [Worker-5: Import Getting Started Content] INFO  o.e.m.j.i.AbstractJavaProjectConfigurator - Adding source folder /demo/src/main/java
2025-06-08 09:03:29,302 [Worker-5: Import Getting Started Content] INFO  o.e.m.j.i.AbstractJavaProjectConfigurator - Adding resource folder /demo/src/main/resources
2025-06-08 09:03:29,322 [Worker-5: Import Getting Started Content] INFO  o.e.m.j.i.AbstractJavaProjectConfigurator - Adding resource folder /demo/src/main/resources
2025-06-08 09:03:29,341 [Worker-5: Import Getting Started Content] INFO  o.e.m.j.i.AbstractJavaProjectConfigurator - Adding source folder /demo/src/test/java
2025-06-08 09:03:29,343 [Worker-5: Import Getting Started Content] INFO  o.e.m.j.i.AbstractJavaProjectConfigurator - Adding resource folder /demo/src/test/resources
2025-06-08 09:03:35,560 [Worker-5: Import Getting Started Content] INFO  o.e.m.c.i.p.ProjectConfigurationManager - Imported and configured 1 project(s) in 23 sec
2025-06-08 09:03:35,565 [Worker-5: Import Getting Started Content] INFO  o.e.m.c.i.p.ProjectConfigurationManager - Update started
2025-06-08 09:03:36,128 [Worker-5: Import Getting Started Content] INFO  o.e.m.c.i.l.LifecycleMappingFactory - Using org.eclipse.m2e.jdt.JarLifecycleMapping lifecycle mapping for MavenProject: com.crypto:crypto-trading-platform:0.0.1-SNAPSHOT @ D:\CDAC-Project\backend-crypto\demo\pom.xml.
2025-06-08 09:03:37,242 [Worker-5: Import Getting Started Content] INFO  o.e.m.j.i.AbstractJavaProjectConfigurator - Adding source folder /demo/src/main/java
2025-06-08 09:03:37,243 [Worker-5: Import Getting Started Content] INFO  o.e.m.j.i.AbstractJavaProjectConfigurator - Adding resource folder /demo/src/main/resources
2025-06-08 09:03:37,244 [Worker-5: Import Getting Started Content] INFO  o.e.m.j.i.AbstractJavaProjectConfigurator - Adding resource folder /demo/src/main/resources
2025-06-08 09:03:37,245 [Worker-5: Import Getting Started Content] INFO  o.e.m.j.i.AbstractJavaProjectConfigurator - Adding source folder /demo/src/test/java
2025-06-08 09:03:37,246 [Worker-5: Import Getting Started Content] INFO  o.e.m.j.i.AbstractJavaProjectConfigurator - Adding resource folder /demo/src/test/resources
2025-06-08 09:03:37,867 [Worker-5: Import Getting Started Content] INFO  o.e.m.c.i.p.ProjectConfigurationManager - Update completed for 1 poms: local refresh takes 0.00 sec, refresh facades takes 1.00 sec, update config takes 0.00 sec 
2025-06-08 09:03:38,949 [Worker-7: Building] INFO  o.a.m.s.f.DefaultMavenResourcesFiltering - Copying 1 resource from src\main\resources to target\classes
2025-06-08 09:03:38,975 [Worker-7: Building] INFO  o.a.m.s.f.DefaultMavenResourcesFiltering - Copying 0 resource from src\main\resources to target\classes
2025-06-08 09:03:38,983 [Worker-7: Building] INFO  o.a.m.s.f.DefaultMavenResourcesFiltering - skip non existing resourceDirectory D:\CDAC-Project\backend-crypto\demo\src\test\resources
2025-06-08 09:04:29,353 [Worker-8: Building] INFO  o.e.m.c.i.l.LifecycleMappingFactory - Using org.eclipse.m2e.jdt.JarLifecycleMapping lifecycle mapping for MavenProject: com.crypto:crypto-trading-platform:0.0.1-SNAPSHOT @ D:\CDAC-Project\backend-crypto\demo\pom.xml.
2025-06-08 09:04:30,728 [Worker-8: Building] INFO  o.a.m.s.f.DefaultMavenResourcesFiltering - Copying 0 resource from src\main\resources to target\classes
2025-06-08 09:04:30,730 [Worker-8: Building] INFO  o.a.m.s.f.DefaultMavenResourcesFiltering - Copying 0 resource from src\main\resources to target\classes
2025-06-08 09:04:30,736 [Worker-8: Building] INFO  o.a.m.s.f.DefaultMavenResourcesFiltering - skip non existing resourceDirectory D:\CDAC-Project\backend-crypto\demo\src\test\resources
2025-06-08 09:04:41,944 [Worker-2: Updating Maven Project] INFO  o.e.m.c.i.p.ProjectConfigurationManager - Update started
2025-06-08 09:04:42,709 [Worker-2: Updating Maven Project] INFO  o.e.m.c.i.l.LifecycleMappingFactory - Using org.eclipse.m2e.jdt.JarLifecycleMapping lifecycle mapping for MavenProject: com.crypto:crypto-trading-platform:0.0.1-SNAPSHOT @ D:\CDAC-Project\backend-crypto\demo\pom.xml.
2025-06-08 09:04:43,852 [Worker-2: Updating Maven Project] INFO  o.e.m.j.i.AbstractJavaProjectConfigurator - Adding source folder /demo/src/main/java
2025-06-08 09:04:43,854 [Worker-2: Updating Maven Project] INFO  o.e.m.j.i.AbstractJavaProjectConfigurator - Adding resource folder /demo/src/main/resources
2025-06-08 09:04:43,855 [Worker-2: Updating Maven Project] INFO  o.e.m.j.i.AbstractJavaProjectConfigurator - Adding resource folder /demo/src/main/resources
2025-06-08 09:04:43,856 [Worker-2: Updating Maven Project] INFO  o.e.m.j.i.AbstractJavaProjectConfigurator - Adding source folder /demo/src/test/java
2025-06-08 09:04:43,857 [Worker-2: Updating Maven Project] INFO  o.e.m.j.i.AbstractJavaProjectConfigurator - Adding resource folder /demo/src/test/resources
2025-06-08 09:04:44,433 [Worker-2: Updating Maven Project] INFO  o.e.m.c.i.p.ProjectConfigurationManager - Update completed for 1 poms: local refresh takes 0.00 sec, refresh facades takes 1.00 sec, update config takes 0.00 sec 
2025-06-08 09:04:44,894 [Worker-2: Building] INFO  o.a.m.s.f.DefaultMavenResourcesFiltering - Copying 1 resource from src\main\resources to target\classes
2025-06-08 09:04:44,915 [Worker-2: Building] INFO  o.a.m.s.f.DefaultMavenResourcesFiltering - Copying 0 resource from src\main\resources to target\classes
2025-06-08 09:04:44,922 [Worker-2: Building] INFO  o.a.m.s.f.DefaultMavenResourcesFiltering - skip non existing resourceDirectory D:\CDAC-Project\backend-crypto\demo\src\test\resources
2025-06-08 09:05:02,759 [Worker-8: Updating Maven Dependencies] INFO  o.e.m.c.i.l.LifecycleMappingFactory - Using org.eclipse.m2e.jdt.JarLifecycleMapping lifecycle mapping for MavenProject: com.crypto:crypto-trading-platform:0.0.1-SNAPSHOT @ D:\CDAC-Project\backend-crypto\demo\pom.xml.
2025-06-08 09:05:26,220 [Worker-1: Building] INFO  o.e.m.c.i.l.LifecycleMappingFactory - Using org.eclipse.m2e.jdt.JarLifecycleMapping lifecycle mapping for MavenProject: com.crypto:crypto-trading-platform:0.0.1-SNAPSHOT @ D:\CDAC-Project\backend-crypto\crypto-trading-platform\pom.xml.
2025-06-08 09:05:28,315 [Worker-1: Building] INFO  o.a.m.s.f.DefaultMavenResourcesFiltering - Copying 1 resource from src\main\resources to target\classes
2025-06-08 09:05:28,344 [Worker-1: Building] INFO  o.a.m.s.f.DefaultMavenResourcesFiltering - Copying 0 resource from src\main\resources to target\classes
2025-06-08 09:05:28,355 [Worker-1: Building] INFO  o.a.m.s.f.DefaultMavenResourcesFiltering - skip non existing resourceDirectory D:\CDAC-Project\backend-crypto\crypto-trading-platform\src\test\resources
2025-06-08 09:05:29,813 [Worker-11: Building] INFO  o.a.m.s.f.DefaultMavenResourcesFiltering - Copying 1 resource from src\main\resources to target\classes
2025-06-08 09:05:29,816 [Worker-11: Building] INFO  o.a.m.s.f.DefaultMavenResourcesFiltering - Copying 0 resource from src\main\resources to target\classes
2025-06-08 09:05:29,820 [Worker-11: Building] INFO  o.a.m.s.f.DefaultMavenResourcesFiltering - skip non existing resourceDirectory D:\CDAC-Project\backend-crypto\crypto-trading-platform\src\test\resources
2025-06-08 09:05:39,880 [Worker-1: Updating Maven Project] INFO  o.e.m.c.i.p.ProjectConfigurationManager - Update started
2025-06-08 09:05:40,666 [Worker-1: Updating Maven Project] INFO  o.e.m.c.i.l.LifecycleMappingFactory - Using org.eclipse.m2e.jdt.JarLifecycleMapping lifecycle mapping for MavenProject: com.crypto:crypto-trading-platform:0.0.1-SNAPSHOT @ D:\CDAC-Project\backend-crypto\crypto-trading-platform\pom.xml.
2025-06-08 09:05:41,880 [Worker-1: Updating Maven Project] INFO  o.e.m.j.i.AbstractJavaProjectConfigurator - Adding source folder /crypto-trading-platform/src/main/java
2025-06-08 09:05:41,882 [Worker-1: Updating Maven Project] INFO  o.e.m.j.i.AbstractJavaProjectConfigurator - Adding resource folder /crypto-trading-platform/src/main/resources
2025-06-08 09:05:41,883 [Worker-1: Updating Maven Project] INFO  o.e.m.j.i.AbstractJavaProjectConfigurator - Adding resource folder /crypto-trading-platform/src/main/resources
2025-06-08 09:05:41,884 [Worker-1: Updating Maven Project] INFO  o.e.m.j.i.AbstractJavaProjectConfigurator - Adding source folder /crypto-trading-platform/src/test/java
2025-06-08 09:05:41,885 [Worker-1: Updating Maven Project] INFO  o.e.m.j.i.AbstractJavaProjectConfigurator - Adding resource folder /crypto-trading-platform/src/test/resources
2025-06-08 09:05:42,439 [Worker-1: Updating Maven Project] INFO  o.e.m.c.i.p.ProjectConfigurationManager - Update completed for 1 poms: local refresh takes 0.00 sec, refresh facades takes 1.00 sec, update config takes 0.00 sec 
2025-06-08 09:05:42,827 [Worker-13: Building] INFO  o.a.m.s.f.DefaultMavenResourcesFiltering - Copying 1 resource from src\main\resources to target\classes
2025-06-08 09:05:42,850 [Worker-13: Building] INFO  o.a.m.s.f.DefaultMavenResourcesFiltering - Copying 0 resource from src\main\resources to target\classes
2025-06-08 09:05:42,858 [Worker-13: Building] INFO  o.a.m.s.f.DefaultMavenResourcesFiltering - skip non existing resourceDirectory D:\CDAC-Project\backend-crypto\crypto-trading-platform\src\test\resources
2025-06-08 09:06:03,441 [Worker-12: Launching Executing clean in D__CDAC-Project_backend-crypto_crypto-trading-platform] INFO  o.eclipse.m2e.core.internal.Bundles - getClasspathEntries(Bundle=org.eclipse.m2e.maven.runtime_3.9.900.20250220-2013 [361])
2025-06-08 09:06:03,446 [Worker-12: Launching Executing clean in D__CDAC-Project_backend-crypto_crypto-trading-platform] INFO  o.eclipse.m2e.core.internal.Bundles - 	Entry: D:\sts-4.30.0.RELEASE\sts-4.30.0.RELEASE\plugins\org.eclipse.m2e.maven.runtime_3.9.900.20250220-2013
2025-06-08 09:06:03,447 [Worker-12: Launching Executing clean in D__CDAC-Project_backend-crypto_crypto-trading-platform] INFO  o.eclipse.m2e.core.internal.Bundles - 	Entry: D:\sts-4.30.0.RELEASE\sts-4.30.0.RELEASE\plugins\org.eclipse.m2e.maven.runtime_3.9.900.20250220-2013\jars\aopalliance-1.0.jar
2025-06-08 09:06:03,447 [Worker-12: Launching Executing clean in D__CDAC-Project_backend-crypto_crypto-trading-platform] INFO  o.eclipse.m2e.core.internal.Bundles - 	Entry: D:\sts-4.30.0.RELEASE\sts-4.30.0.RELEASE\plugins\org.eclipse.m2e.maven.runtime_3.9.900.20250220-2013\jars\guice-5.1.0.jar
2025-06-08 09:06:03,448 [Worker-12: Launching Executing clean in D__CDAC-Project_backend-crypto_crypto-trading-platform] INFO  o.eclipse.m2e.core.internal.Bundles - 	Entry: D:\sts-4.30.0.RELEASE\sts-4.30.0.RELEASE\plugins\org.eclipse.m2e.maven.runtime_3.9.900.20250220-2013\jars\httpclient-4.5.14.jar
2025-06-08 09:06:03,448 [Worker-12: Launching Executing clean in D__CDAC-Project_backend-crypto_crypto-trading-platform] INFO  o.eclipse.m2e.core.internal.Bundles - 	Entry: D:\sts-4.30.0.RELEASE\sts-4.30.0.RELEASE\plugins\org.eclipse.m2e.maven.runtime_3.9.900.20250220-2013\jars\httpcore-4.4.16.jar
2025-06-08 09:06:03,448 [Worker-12: Launching Executing clean in D__CDAC-Project_backend-crypto_crypto-trading-platform] INFO  o.eclipse.m2e.core.internal.Bundles - 	Entry: D:\sts-4.30.0.RELEASE\sts-4.30.0.RELEASE\plugins\org.eclipse.m2e.maven.runtime_3.9.900.20250220-2013\jars\jansi-2.4.1.jar
2025-06-08 09:06:03,448 [Worker-12: Launching Executing clean in D__CDAC-Project_backend-crypto_crypto-trading-platform] INFO  o.eclipse.m2e.core.internal.Bundles - 	Entry: D:\sts-4.30.0.RELEASE\sts-4.30.0.RELEASE\plugins\org.eclipse.m2e.maven.runtime_3.9.900.20250220-2013\jars\jcl-over-slf4j-1.7.36.jar
2025-06-08 09:06:03,448 [Worker-12: Launching Executing clean in D__CDAC-Project_backend-crypto_crypto-trading-platform] INFO  o.eclipse.m2e.core.internal.Bundles - 	Entry: D:\sts-4.30.0.RELEASE\sts-4.30.0.RELEASE\plugins\org.eclipse.m2e.maven.runtime_3.9.900.20250220-2013\jars\maven-artifact-3.9.9.jar
2025-06-08 09:06:03,448 [Worker-12: Launching Executing clean in D__CDAC-Project_backend-crypto_crypto-trading-platform] INFO  o.eclipse.m2e.core.internal.Bundles - 	Entry: D:\sts-4.30.0.RELEASE\sts-4.30.0.RELEASE\plugins\org.eclipse.m2e.maven.runtime_3.9.900.20250220-2013\jars\maven-builder-support-3.9.9.jar
2025-06-08 09:06:03,448 [Worker-12: Launching Executing clean in D__CDAC-Project_backend-crypto_crypto-trading-platform] INFO  o.eclipse.m2e.core.internal.Bundles - 	Entry: D:\sts-4.30.0.RELEASE\sts-4.30.0.RELEASE\plugins\org.eclipse.m2e.maven.runtime_3.9.900.20250220-2013\jars\maven-compat-3.9.9.jar
2025-06-08 09:06:03,448 [Worker-12: Launching Executing clean in D__CDAC-Project_backend-crypto_crypto-trading-platform] INFO  o.eclipse.m2e.core.internal.Bundles - 	Entry: D:\sts-4.30.0.RELEASE\sts-4.30.0.RELEASE\plugins\org.eclipse.m2e.maven.runtime_3.9.900.20250220-2013\jars\maven-core-3.9.9.jar
2025-06-08 09:06:03,449 [Worker-12: Launching Executing clean in D__CDAC-Project_backend-crypto_crypto-trading-platform] INFO  o.eclipse.m2e.core.internal.Bundles - 	Entry: D:\sts-4.30.0.RELEASE\sts-4.30.0.RELEASE\plugins\org.eclipse.m2e.maven.runtime_3.9.900.20250220-2013\jars\maven-embedder-3.9.9.jar
2025-06-08 09:06:03,449 [Worker-12: Launching Executing clean in D__CDAC-Project_backend-crypto_crypto-trading-platform] INFO  o.eclipse.m2e.core.internal.Bundles - 	Entry: D:\sts-4.30.0.RELEASE\sts-4.30.0.RELEASE\plugins\org.eclipse.m2e.maven.runtime_3.9.900.20250220-2013\jars\maven-model-3.9.9.jar
2025-06-08 09:06:03,449 [Worker-12: Launching Executing clean in D__CDAC-Project_backend-crypto_crypto-trading-platform] INFO  o.eclipse.m2e.core.internal.Bundles - 	Entry: D:\sts-4.30.0.RELEASE\sts-4.30.0.RELEASE\plugins\org.eclipse.m2e.maven.runtime_3.9.900.20250220-2013\jars\maven-model-builder-3.9.9.jar
2025-06-08 09:06:03,449 [Worker-12: Launching Executing clean in D__CDAC-Project_backend-crypto_crypto-trading-platform] INFO  o.eclipse.m2e.core.internal.Bundles - 	Entry: D:\sts-4.30.0.RELEASE\sts-4.30.0.RELEASE\plugins\org.eclipse.m2e.maven.runtime_3.9.900.20250220-2013\jars\maven-plugin-api-3.9.9.jar
2025-06-08 09:06:03,449 [Worker-12: Launching Executing clean in D__CDAC-Project_backend-crypto_crypto-trading-platform] INFO  o.eclipse.m2e.core.internal.Bundles - 	Entry: D:\sts-4.30.0.RELEASE\sts-4.30.0.RELEASE\plugins\org.eclipse.m2e.maven.runtime_3.9.900.20250220-2013\jars\maven-repository-metadata-3.9.9.jar
2025-06-08 09:06:03,450 [Worker-12: Launching Executing clean in D__CDAC-Project_backend-crypto_crypto-trading-platform] INFO  o.eclipse.m2e.core.internal.Bundles - 	Entry: D:\sts-4.30.0.RELEASE\sts-4.30.0.RELEASE\plugins\org.eclipse.m2e.maven.runtime_3.9.900.20250220-2013\jars\maven-resolver-api-1.9.22.jar
2025-06-08 09:06:03,450 [Worker-12: Launching Executing clean in D__CDAC-Project_backend-crypto_crypto-trading-platform] INFO  o.eclipse.m2e.core.internal.Bundles - 	Entry: D:\sts-4.30.0.RELEASE\sts-4.30.0.RELEASE\plugins\org.eclipse.m2e.maven.runtime_3.9.900.20250220-2013\jars\maven-resolver-connector-basic-1.9.22.jar
2025-06-08 09:06:03,450 [Worker-12: Launching Executing clean in D__CDAC-Project_backend-crypto_crypto-trading-platform] INFO  o.eclipse.m2e.core.internal.Bundles - 	Entry: D:\sts-4.30.0.RELEASE\sts-4.30.0.RELEASE\plugins\org.eclipse.m2e.maven.runtime_3.9.900.20250220-2013\jars\maven-resolver-impl-1.9.22.jar
2025-06-08 09:06:03,450 [Worker-12: Launching Executing clean in D__CDAC-Project_backend-crypto_crypto-trading-platform] INFO  o.eclipse.m2e.core.internal.Bundles - 	Entry: D:\sts-4.30.0.RELEASE\sts-4.30.0.RELEASE\plugins\org.eclipse.m2e.maven.runtime_3.9.900.20250220-2013\jars\maven-resolver-named-locks-1.9.22.jar
2025-06-08 09:06:03,450 [Worker-12: Launching Executing clean in D__CDAC-Project_backend-crypto_crypto-trading-platform] INFO  o.eclipse.m2e.core.internal.Bundles - 	Entry: D:\sts-4.30.0.RELEASE\sts-4.30.0.RELEASE\plugins\org.eclipse.m2e.maven.runtime_3.9.900.20250220-2013\jars\maven-resolver-provider-3.9.9.jar
2025-06-08 09:06:03,451 [Worker-12: Launching Executing clean in D__CDAC-Project_backend-crypto_crypto-trading-platform] INFO  o.eclipse.m2e.core.internal.Bundles - 	Entry: D:\sts-4.30.0.RELEASE\sts-4.30.0.RELEASE\plugins\org.eclipse.m2e.maven.runtime_3.9.900.20250220-2013\jars\maven-resolver-spi-1.9.22.jar
2025-06-08 09:06:03,451 [Worker-12: Launching Executing clean in D__CDAC-Project_backend-crypto_crypto-trading-platform] INFO  o.eclipse.m2e.core.internal.Bundles - 	Entry: D:\sts-4.30.0.RELEASE\sts-4.30.0.RELEASE\plugins\org.eclipse.m2e.maven.runtime_3.9.900.20250220-2013\jars\maven-resolver-transport-file-1.9.22.jar
2025-06-08 09:06:03,451 [Worker-12: Launching Executing clean in D__CDAC-Project_backend-crypto_crypto-trading-platform] INFO  o.eclipse.m2e.core.internal.Bundles - 	Entry: D:\sts-4.30.0.RELEASE\sts-4.30.0.RELEASE\plugins\org.eclipse.m2e.maven.runtime_3.9.900.20250220-2013\jars\maven-resolver-transport-http-1.9.22.jar
2025-06-08 09:06:03,451 [Worker-12: Launching Executing clean in D__CDAC-Project_backend-crypto_crypto-trading-platform] INFO  o.eclipse.m2e.core.internal.Bundles - 	Entry: D:\sts-4.30.0.RELEASE\sts-4.30.0.RELEASE\plugins\org.eclipse.m2e.maven.runtime_3.9.900.20250220-2013\jars\maven-resolver-transport-wagon-1.9.22.jar
2025-06-08 09:06:03,451 [Worker-12: Launching Executing clean in D__CDAC-Project_backend-crypto_crypto-trading-platform] INFO  o.eclipse.m2e.core.internal.Bundles - 	Entry: D:\sts-4.30.0.RELEASE\sts-4.30.0.RELEASE\plugins\org.eclipse.m2e.maven.runtime_3.9.900.20250220-2013\jars\maven-resolver-util-1.9.22.jar
2025-06-08 09:06:03,451 [Worker-12: Launching Executing clean in D__CDAC-Project_backend-crypto_crypto-trading-platform] INFO  o.eclipse.m2e.core.internal.Bundles - 	Entry: D:\sts-4.30.0.RELEASE\sts-4.30.0.RELEASE\plugins\org.eclipse.m2e.maven.runtime_3.9.900.20250220-2013\jars\maven-settings-3.9.9.jar
2025-06-08 09:06:03,452 [Worker-12: Launching Executing clean in D__CDAC-Project_backend-crypto_crypto-trading-platform] INFO  o.eclipse.m2e.core.internal.Bundles - 	Entry: D:\sts-4.30.0.RELEASE\sts-4.30.0.RELEASE\plugins\org.eclipse.m2e.maven.runtime_3.9.900.20250220-2013\jars\maven-settings-builder-3.9.9.jar
2025-06-08 09:06:03,452 [Worker-12: Launching Executing clean in D__CDAC-Project_backend-crypto_crypto-trading-platform] INFO  o.eclipse.m2e.core.internal.Bundles - 	Entry: D:\sts-4.30.0.RELEASE\sts-4.30.0.RELEASE\plugins\org.eclipse.m2e.maven.runtime_3.9.900.20250220-2013\jars\maven-shared-utils-3.4.2.jar
2025-06-08 09:06:03,452 [Worker-12: Launching Executing clean in D__CDAC-Project_backend-crypto_crypto-trading-platform] INFO  o.eclipse.m2e.core.internal.Bundles - 	Entry: D:\sts-4.30.0.RELEASE\sts-4.30.0.RELEASE\plugins\org.eclipse.m2e.maven.runtime_3.9.900.20250220-2013\jars\org.eclipse.sisu.inject-0.9.0.M3.jar
2025-06-08 09:06:03,452 [Worker-12: Launching Executing clean in D__CDAC-Project_backend-crypto_crypto-trading-platform] INFO  o.eclipse.m2e.core.internal.Bundles - 	Entry: D:\sts-4.30.0.RELEASE\sts-4.30.0.RELEASE\plugins\org.eclipse.m2e.maven.runtime_3.9.900.20250220-2013\jars\org.eclipse.sisu.plexus-0.9.0.M3.jar
2025-06-08 09:06:03,452 [Worker-12: Launching Executing clean in D__CDAC-Project_backend-crypto_crypto-trading-platform] INFO  o.eclipse.m2e.core.internal.Bundles - 	Entry: D:\sts-4.30.0.RELEASE\sts-4.30.0.RELEASE\plugins\org.eclipse.m2e.maven.runtime_3.9.900.20250220-2013\jars\plexus-build-api-0.0.7.jar
2025-06-08 09:06:03,452 [Worker-12: Launching Executing clean in D__CDAC-Project_backend-crypto_crypto-trading-platform] INFO  o.eclipse.m2e.core.internal.Bundles - 	Entry: D:\sts-4.30.0.RELEASE\sts-4.30.0.RELEASE\plugins\org.eclipse.m2e.maven.runtime_3.9.900.20250220-2013\jars\plexus-build-api-1.2.0.jar
2025-06-08 09:06:03,452 [Worker-12: Launching Executing clean in D__CDAC-Project_backend-crypto_crypto-trading-platform] INFO  o.eclipse.m2e.core.internal.Bundles - 	Entry: D:\sts-4.30.0.RELEASE\sts-4.30.0.RELEASE\plugins\org.eclipse.m2e.maven.runtime_3.9.900.20250220-2013\jars\plexus-cipher-2.0.jar
2025-06-08 09:06:03,452 [Worker-12: Launching Executing clean in D__CDAC-Project_backend-crypto_crypto-trading-platform] INFO  o.eclipse.m2e.core.internal.Bundles - 	Entry: D:\sts-4.30.0.RELEASE\sts-4.30.0.RELEASE\plugins\org.eclipse.m2e.maven.runtime_3.9.900.20250220-2013\jars\plexus-classworlds-2.8.0.jar
2025-06-08 09:06:03,452 [Worker-12: Launching Executing clean in D__CDAC-Project_backend-crypto_crypto-trading-platform] INFO  o.eclipse.m2e.core.internal.Bundles - 	Entry: D:\sts-4.30.0.RELEASE\sts-4.30.0.RELEASE\plugins\org.eclipse.m2e.maven.runtime_3.9.900.20250220-2013\jars\plexus-component-annotations-2.1.0.jar
2025-06-08 09:06:03,452 [Worker-12: Launching Executing clean in D__CDAC-Project_backend-crypto_crypto-trading-platform] INFO  o.eclipse.m2e.core.internal.Bundles - 	Entry: D:\sts-4.30.0.RELEASE\sts-4.30.0.RELEASE\plugins\org.eclipse.m2e.maven.runtime_3.9.900.20250220-2013\jars\plexus-interpolation-1.27.jar
2025-06-08 09:06:03,453 [Worker-12: Launching Executing clean in D__CDAC-Project_backend-crypto_crypto-trading-platform] INFO  o.eclipse.m2e.core.internal.Bundles - 	Entry: D:\sts-4.30.0.RELEASE\sts-4.30.0.RELEASE\plugins\org.eclipse.m2e.maven.runtime_3.9.900.20250220-2013\jars\plexus-sec-dispatcher-2.0.jar
2025-06-08 09:06:03,453 [Worker-12: Launching Executing clean in D__CDAC-Project_backend-crypto_crypto-trading-platform] INFO  o.eclipse.m2e.core.internal.Bundles - 	Entry: D:\sts-4.30.0.RELEASE\sts-4.30.0.RELEASE\plugins\org.eclipse.m2e.maven.runtime_3.9.900.20250220-2013\jars\plexus-utils-3.5.1.jar
2025-06-08 09:06:03,453 [Worker-12: Launching Executing clean in D__CDAC-Project_backend-crypto_crypto-trading-platform] INFO  o.eclipse.m2e.core.internal.Bundles - 	Entry: D:\sts-4.30.0.RELEASE\sts-4.30.0.RELEASE\plugins\org.eclipse.m2e.maven.runtime_3.9.900.20250220-2013\jars\plexus-xml-3.0.1.jar
2025-06-08 09:06:03,454 [Worker-12: Launching Executing clean in D__CDAC-Project_backend-crypto_crypto-trading-platform] INFO  o.eclipse.m2e.core.internal.Bundles - 	Entry: D:\sts-4.30.0.RELEASE\sts-4.30.0.RELEASE\plugins\org.eclipse.m2e.maven.runtime_3.9.900.20250220-2013\jars\wagon-file-3.5.3.jar
2025-06-08 09:06:03,454 [Worker-12: Launching Executing clean in D__CDAC-Project_backend-crypto_crypto-trading-platform] INFO  o.eclipse.m2e.core.internal.Bundles - 	Entry: D:\sts-4.30.0.RELEASE\sts-4.30.0.RELEASE\plugins\org.eclipse.m2e.maven.runtime_3.9.900.20250220-2013\jars\wagon-http-3.5.3.jar
2025-06-08 09:06:03,454 [Worker-12: Launching Executing clean in D__CDAC-Project_backend-crypto_crypto-trading-platform] INFO  o.eclipse.m2e.core.internal.Bundles - 	Entry: D:\sts-4.30.0.RELEASE\sts-4.30.0.RELEASE\plugins\org.eclipse.m2e.maven.runtime_3.9.900.20250220-2013\jars\wagon-http-shared-3.5.3.jar
2025-06-08 09:06:03,454 [Worker-12: Launching Executing clean in D__CDAC-Project_backend-crypto_crypto-trading-platform] INFO  o.eclipse.m2e.core.internal.Bundles - 	Entry: D:\sts-4.30.0.RELEASE\sts-4.30.0.RELEASE\plugins\org.eclipse.m2e.maven.runtime_3.9.900.20250220-2013\jars\wagon-provider-api-3.5.3.jar
2025-06-08 09:06:03,459 [Worker-12: Launching Executing clean in D__CDAC-Project_backend-crypto_crypto-trading-platform] INFO  o.eclipse.m2e.core.internal.Bundles - getClasspathEntries(Bundle=com.google.guava_33.4.0.jre [29])
2025-06-08 09:06:03,460 [Worker-12: Launching Executing clean in D__CDAC-Project_backend-crypto_crypto-trading-platform] INFO  o.eclipse.m2e.core.internal.Bundles - 	Entry: D:\sts-4.30.0.RELEASE\sts-4.30.0.RELEASE\plugins\com.google.guava_33.4.0.jre.jar
2025-06-08 09:06:03,460 [Worker-12: Launching Executing clean in D__CDAC-Project_backend-crypto_crypto-trading-platform] INFO  o.eclipse.m2e.core.internal.Bundles - getClasspathEntries(Bundle=slf4j.api_2.0.17 [608])
2025-06-08 09:06:03,461 [Worker-12: Launching Executing clean in D__CDAC-Project_backend-crypto_crypto-trading-platform] INFO  o.eclipse.m2e.core.internal.Bundles - 	Entry: D:\sts-4.30.0.RELEASE\sts-4.30.0.RELEASE\plugins\slf4j.api_2.0.17.jar
2025-06-08 09:06:03,461 [Worker-12: Launching Executing clean in D__CDAC-Project_backend-crypto_crypto-trading-platform] INFO  o.eclipse.m2e.core.internal.Bundles - getClasspathEntries(Bundle=javax.inject_1.0.0.v20220405-0441 [759])
2025-06-08 09:06:03,462 [Worker-12: Launching Executing clean in D__CDAC-Project_backend-crypto_crypto-trading-platform] INFO  o.eclipse.m2e.core.internal.Bundles - 	Entry: D:\sts-4.30.0.RELEASE\sts-4.30.0.RELEASE\plugins\javax.inject_1.0.0.v20220405-0441.jar
2025-06-08 09:06:03,462 [Worker-12: Launching Executing clean in D__CDAC-Project_backend-crypto_crypto-trading-platform] INFO  o.eclipse.m2e.core.internal.Bundles - getClasspathEntries(Bundle=javax.annotation_1.3.5.v20230504-0748 [758])
2025-06-08 09:06:03,462 [Worker-12: Launching Executing clean in D__CDAC-Project_backend-crypto_crypto-trading-platform] INFO  o.eclipse.m2e.core.internal.Bundles - 	Entry: D:\sts-4.30.0.RELEASE\sts-4.30.0.RELEASE\plugins\javax.annotation_1.3.5.v20230504-0748.jar
2025-06-08 09:06:03,462 [Worker-12: Launching Executing clean in D__CDAC-Project_backend-crypto_crypto-trading-platform] INFO  o.eclipse.m2e.core.internal.Bundles - getClasspathEntries(Bundle=org.apache.commons.cli_1.9.0 [77])
2025-06-08 09:06:03,463 [Worker-12: Launching Executing clean in D__CDAC-Project_backend-crypto_crypto-trading-platform] INFO  o.eclipse.m2e.core.internal.Bundles - 	Entry: D:\sts-4.30.0.RELEASE\sts-4.30.0.RELEASE\plugins\org.apache.commons.cli_1.9.0.jar
2025-06-08 09:06:03,463 [Worker-12: Launching Executing clean in D__CDAC-Project_backend-crypto_crypto-trading-platform] INFO  o.eclipse.m2e.core.internal.Bundles - getClasspathEntries(Bundle=org.apache.commons.commons-codec_1.16.0 [79])
2025-06-08 09:06:03,463 [Worker-12: Launching Executing clean in D__CDAC-Project_backend-crypto_crypto-trading-platform] INFO  o.eclipse.m2e.core.internal.Bundles - 	Entry: D:\sts-4.30.0.RELEASE\sts-4.30.0.RELEASE\plugins\org.apache.commons.commons-codec_1.16.0.jar
2025-06-08 09:06:03,463 [Worker-12: Launching Executing clean in D__CDAC-Project_backend-crypto_crypto-trading-platform] INFO  o.eclipse.m2e.core.internal.Bundles - getClasspathEntries(Bundle=com.google.guava.failureaccess_1.0.2 [30])
2025-06-08 09:06:03,464 [Worker-12: Launching Executing clean in D__CDAC-Project_backend-crypto_crypto-trading-platform] INFO  o.eclipse.m2e.core.internal.Bundles - 	Entry: D:\sts-4.30.0.RELEASE\sts-4.30.0.RELEASE\plugins\com.google.guava.failureaccess_1.0.2.jar
2025-06-08 09:06:03,481 [Worker-12: Launching Executing clean in D__CDAC-Project_backend-crypto_crypto-trading-platform] INFO  o.e.m.i.launch.MavenLaunchDelegate - Run build in "D:\CDAC-Project\backend-crypto\crypto-trading-platform":
2025-06-08 09:06:03,490 [Worker-12: Launching Executing clean in D__CDAC-Project_backend-crypto_crypto-trading-platform] INFO  o.e.m.i.launch.MavenLaunchDelegate -  mvn  -Ppom.xml -B -Dstyle.color=always clean
2025-06-08 09:06:07,543 [Worker-8: Building] INFO  o.a.m.s.f.DefaultMavenResourcesFiltering - Copying 1 resource from src\main\resources to target\classes
2025-06-08 09:06:07,546 [Worker-8: Building] INFO  o.a.m.s.f.DefaultMavenResourcesFiltering - Copying 0 resource from src\main\resources to target\classes
2025-06-08 09:06:07,551 [Worker-8: Building] INFO  o.a.m.s.f.DefaultMavenResourcesFiltering - skip non existing resourceDirectory D:\CDAC-Project\backend-crypto\crypto-trading-platform\src\test\resources
2025-06-08 09:06:38,739 [main] INFO  o.e.m2e.actions.ExecutePomAction - Creating new launch configuration
2025-06-08 09:06:49,746 [Worker-0: Launching crypto-trading-platform] INFO  o.eclipse.m2e.core.internal.Bundles - getClasspathEntries(Bundle=org.eclipse.m2e.maven.runtime_3.9.900.20250220-2013 [361])
2025-06-08 09:06:49,747 [Worker-0: Launching crypto-trading-platform] INFO  o.eclipse.m2e.core.internal.Bundles - 	Entry: D:\sts-4.30.0.RELEASE\sts-4.30.0.RELEASE\plugins\org.eclipse.m2e.maven.runtime_3.9.900.20250220-2013
2025-06-08 09:06:49,748 [Worker-0: Launching crypto-trading-platform] INFO  o.eclipse.m2e.core.internal.Bundles - 	Entry: D:\sts-4.30.0.RELEASE\sts-4.30.0.RELEASE\plugins\org.eclipse.m2e.maven.runtime_3.9.900.20250220-2013\jars\aopalliance-1.0.jar
2025-06-08 09:06:49,749 [Worker-0: Launching crypto-trading-platform] INFO  o.eclipse.m2e.core.internal.Bundles - 	Entry: D:\sts-4.30.0.RELEASE\sts-4.30.0.RELEASE\plugins\org.eclipse.m2e.maven.runtime_3.9.900.20250220-2013\jars\guice-5.1.0.jar
2025-06-08 09:06:49,749 [Worker-0: Launching crypto-trading-platform] INFO  o.eclipse.m2e.core.internal.Bundles - 	Entry: D:\sts-4.30.0.RELEASE\sts-4.30.0.RELEASE\plugins\org.eclipse.m2e.maven.runtime_3.9.900.20250220-2013\jars\httpclient-4.5.14.jar
2025-06-08 09:06:49,749 [Worker-0: Launching crypto-trading-platform] INFO  o.eclipse.m2e.core.internal.Bundles - 	Entry: D:\sts-4.30.0.RELEASE\sts-4.30.0.RELEASE\plugins\org.eclipse.m2e.maven.runtime_3.9.900.20250220-2013\jars\httpcore-4.4.16.jar
2025-06-08 09:06:49,750 [Worker-0: Launching crypto-trading-platform] INFO  o.eclipse.m2e.core.internal.Bundles - 	Entry: D:\sts-4.30.0.RELEASE\sts-4.30.0.RELEASE\plugins\org.eclipse.m2e.maven.runtime_3.9.900.20250220-2013\jars\jansi-2.4.1.jar
2025-06-08 09:06:49,750 [Worker-0: Launching crypto-trading-platform] INFO  o.eclipse.m2e.core.internal.Bundles - 	Entry: D:\sts-4.30.0.RELEASE\sts-4.30.0.RELEASE\plugins\org.eclipse.m2e.maven.runtime_3.9.900.20250220-2013\jars\jcl-over-slf4j-1.7.36.jar
2025-06-08 09:06:49,750 [Worker-0: Launching crypto-trading-platform] INFO  o.eclipse.m2e.core.internal.Bundles - 	Entry: D:\sts-4.30.0.RELEASE\sts-4.30.0.RELEASE\plugins\org.eclipse.m2e.maven.runtime_3.9.900.20250220-2013\jars\maven-artifact-3.9.9.jar
2025-06-08 09:06:49,750 [Worker-0: Launching crypto-trading-platform] INFO  o.eclipse.m2e.core.internal.Bundles - 	Entry: D:\sts-4.30.0.RELEASE\sts-4.30.0.RELEASE\plugins\org.eclipse.m2e.maven.runtime_3.9.900.20250220-2013\jars\maven-builder-support-3.9.9.jar
2025-06-08 09:06:49,751 [Worker-0: Launching crypto-trading-platform] INFO  o.eclipse.m2e.core.internal.Bundles - 	Entry: D:\sts-4.30.0.RELEASE\sts-4.30.0.RELEASE\plugins\org.eclipse.m2e.maven.runtime_3.9.900.20250220-2013\jars\maven-compat-3.9.9.jar
2025-06-08 09:06:49,751 [Worker-0: Launching crypto-trading-platform] INFO  o.eclipse.m2e.core.internal.Bundles - 	Entry: D:\sts-4.30.0.RELEASE\sts-4.30.0.RELEASE\plugins\org.eclipse.m2e.maven.runtime_3.9.900.20250220-2013\jars\maven-core-3.9.9.jar
2025-06-08 09:06:49,751 [Worker-0: Launching crypto-trading-platform] INFO  o.eclipse.m2e.core.internal.Bundles - 	Entry: D:\sts-4.30.0.RELEASE\sts-4.30.0.RELEASE\plugins\org.eclipse.m2e.maven.runtime_3.9.900.20250220-2013\jars\maven-embedder-3.9.9.jar
2025-06-08 09:06:49,752 [Worker-0: Launching crypto-trading-platform] INFO  o.eclipse.m2e.core.internal.Bundles - 	Entry: D:\sts-4.30.0.RELEASE\sts-4.30.0.RELEASE\plugins\org.eclipse.m2e.maven.runtime_3.9.900.20250220-2013\jars\maven-model-3.9.9.jar
2025-06-08 09:06:49,752 [Worker-0: Launching crypto-trading-platform] INFO  o.eclipse.m2e.core.internal.Bundles - 	Entry: D:\sts-4.30.0.RELEASE\sts-4.30.0.RELEASE\plugins\org.eclipse.m2e.maven.runtime_3.9.900.20250220-2013\jars\maven-model-builder-3.9.9.jar
2025-06-08 09:06:49,752 [Worker-0: Launching crypto-trading-platform] INFO  o.eclipse.m2e.core.internal.Bundles - 	Entry: D:\sts-4.30.0.RELEASE\sts-4.30.0.RELEASE\plugins\org.eclipse.m2e.maven.runtime_3.9.900.20250220-2013\jars\maven-plugin-api-3.9.9.jar
2025-06-08 09:06:49,752 [Worker-0: Launching crypto-trading-platform] INFO  o.eclipse.m2e.core.internal.Bundles - 	Entry: D:\sts-4.30.0.RELEASE\sts-4.30.0.RELEASE\plugins\org.eclipse.m2e.maven.runtime_3.9.900.20250220-2013\jars\maven-repository-metadata-3.9.9.jar
2025-06-08 09:06:49,752 [Worker-0: Launching crypto-trading-platform] INFO  o.eclipse.m2e.core.internal.Bundles - 	Entry: D:\sts-4.30.0.RELEASE\sts-4.30.0.RELEASE\plugins\org.eclipse.m2e.maven.runtime_3.9.900.20250220-2013\jars\maven-resolver-api-1.9.22.jar
2025-06-08 09:06:49,753 [Worker-0: Launching crypto-trading-platform] INFO  o.eclipse.m2e.core.internal.Bundles - 	Entry: D:\sts-4.30.0.RELEASE\sts-4.30.0.RELEASE\plugins\org.eclipse.m2e.maven.runtime_3.9.900.20250220-2013\jars\maven-resolver-connector-basic-1.9.22.jar
2025-06-08 09:06:49,753 [Worker-0: Launching crypto-trading-platform] INFO  o.eclipse.m2e.core.internal.Bundles - 	Entry: D:\sts-4.30.0.RELEASE\sts-4.30.0.RELEASE\plugins\org.eclipse.m2e.maven.runtime_3.9.900.20250220-2013\jars\maven-resolver-impl-1.9.22.jar
2025-06-08 09:06:49,753 [Worker-0: Launching crypto-trading-platform] INFO  o.eclipse.m2e.core.internal.Bundles - 	Entry: D:\sts-4.30.0.RELEASE\sts-4.30.0.RELEASE\plugins\org.eclipse.m2e.maven.runtime_3.9.900.20250220-2013\jars\maven-resolver-named-locks-1.9.22.jar
2025-06-08 09:06:49,753 [Worker-0: Launching crypto-trading-platform] INFO  o.eclipse.m2e.core.internal.Bundles - 	Entry: D:\sts-4.30.0.RELEASE\sts-4.30.0.RELEASE\plugins\org.eclipse.m2e.maven.runtime_3.9.900.20250220-2013\jars\maven-resolver-provider-3.9.9.jar
2025-06-08 09:06:49,753 [Worker-0: Launching crypto-trading-platform] INFO  o.eclipse.m2e.core.internal.Bundles - 	Entry: D:\sts-4.30.0.RELEASE\sts-4.30.0.RELEASE\plugins\org.eclipse.m2e.maven.runtime_3.9.900.20250220-2013\jars\maven-resolver-spi-1.9.22.jar
2025-06-08 09:06:49,753 [Worker-0: Launching crypto-trading-platform] INFO  o.eclipse.m2e.core.internal.Bundles - 	Entry: D:\sts-4.30.0.RELEASE\sts-4.30.0.RELEASE\plugins\org.eclipse.m2e.maven.runtime_3.9.900.20250220-2013\jars\maven-resolver-transport-file-1.9.22.jar
2025-06-08 09:06:49,754 [Worker-0: Launching crypto-trading-platform] INFO  o.eclipse.m2e.core.internal.Bundles - 	Entry: D:\sts-4.30.0.RELEASE\sts-4.30.0.RELEASE\plugins\org.eclipse.m2e.maven.runtime_3.9.900.20250220-2013\jars\maven-resolver-transport-http-1.9.22.jar
2025-06-08 09:06:49,754 [Worker-0: Launching crypto-trading-platform] INFO  o.eclipse.m2e.core.internal.Bundles - 	Entry: D:\sts-4.30.0.RELEASE\sts-4.30.0.RELEASE\plugins\org.eclipse.m2e.maven.runtime_3.9.900.20250220-2013\jars\maven-resolver-transport-wagon-1.9.22.jar
2025-06-08 09:06:49,754 [Worker-0: Launching crypto-trading-platform] INFO  o.eclipse.m2e.core.internal.Bundles - 	Entry: D:\sts-4.30.0.RELEASE\sts-4.30.0.RELEASE\plugins\org.eclipse.m2e.maven.runtime_3.9.900.20250220-2013\jars\maven-resolver-util-1.9.22.jar
2025-06-08 09:06:49,754 [Worker-0: Launching crypto-trading-platform] INFO  o.eclipse.m2e.core.internal.Bundles - 	Entry: D:\sts-4.30.0.RELEASE\sts-4.30.0.RELEASE\plugins\org.eclipse.m2e.maven.runtime_3.9.900.20250220-2013\jars\maven-settings-3.9.9.jar
2025-06-08 09:06:49,754 [Worker-0: Launching crypto-trading-platform] INFO  o.eclipse.m2e.core.internal.Bundles - 	Entry: D:\sts-4.30.0.RELEASE\sts-4.30.0.RELEASE\plugins\org.eclipse.m2e.maven.runtime_3.9.900.20250220-2013\jars\maven-settings-builder-3.9.9.jar
2025-06-08 09:06:49,754 [Worker-0: Launching crypto-trading-platform] INFO  o.eclipse.m2e.core.internal.Bundles - 	Entry: D:\sts-4.30.0.RELEASE\sts-4.30.0.RELEASE\plugins\org.eclipse.m2e.maven.runtime_3.9.900.20250220-2013\jars\maven-shared-utils-3.4.2.jar
2025-06-08 09:06:49,754 [Worker-0: Launching crypto-trading-platform] INFO  o.eclipse.m2e.core.internal.Bundles - 	Entry: D:\sts-4.30.0.RELEASE\sts-4.30.0.RELEASE\plugins\org.eclipse.m2e.maven.runtime_3.9.900.20250220-2013\jars\org.eclipse.sisu.inject-0.9.0.M3.jar
2025-06-08 09:06:49,755 [Worker-0: Launching crypto-trading-platform] INFO  o.eclipse.m2e.core.internal.Bundles - 	Entry: D:\sts-4.30.0.RELEASE\sts-4.30.0.RELEASE\plugins\org.eclipse.m2e.maven.runtime_3.9.900.20250220-2013\jars\org.eclipse.sisu.plexus-0.9.0.M3.jar
2025-06-08 09:06:49,755 [Worker-0: Launching crypto-trading-platform] INFO  o.eclipse.m2e.core.internal.Bundles - 	Entry: D:\sts-4.30.0.RELEASE\sts-4.30.0.RELEASE\plugins\org.eclipse.m2e.maven.runtime_3.9.900.20250220-2013\jars\plexus-build-api-0.0.7.jar
2025-06-08 09:06:49,755 [Worker-0: Launching crypto-trading-platform] INFO  o.eclipse.m2e.core.internal.Bundles - 	Entry: D:\sts-4.30.0.RELEASE\sts-4.30.0.RELEASE\plugins\org.eclipse.m2e.maven.runtime_3.9.900.20250220-2013\jars\plexus-build-api-1.2.0.jar
2025-06-08 09:06:49,755 [Worker-0: Launching crypto-trading-platform] INFO  o.eclipse.m2e.core.internal.Bundles - 	Entry: D:\sts-4.30.0.RELEASE\sts-4.30.0.RELEASE\plugins\org.eclipse.m2e.maven.runtime_3.9.900.20250220-2013\jars\plexus-cipher-2.0.jar
2025-06-08 09:06:49,755 [Worker-0: Launching crypto-trading-platform] INFO  o.eclipse.m2e.core.internal.Bundles - 	Entry: D:\sts-4.30.0.RELEASE\sts-4.30.0.RELEASE\plugins\org.eclipse.m2e.maven.runtime_3.9.900.20250220-2013\jars\plexus-classworlds-2.8.0.jar
2025-06-08 09:06:49,755 [Worker-0: Launching crypto-trading-platform] INFO  o.eclipse.m2e.core.internal.Bundles - 	Entry: D:\sts-4.30.0.RELEASE\sts-4.30.0.RELEASE\plugins\org.eclipse.m2e.maven.runtime_3.9.900.20250220-2013\jars\plexus-component-annotations-2.1.0.jar
2025-06-08 09:06:49,755 [Worker-0: Launching crypto-trading-platform] INFO  o.eclipse.m2e.core.internal.Bundles - 	Entry: D:\sts-4.30.0.RELEASE\sts-4.30.0.RELEASE\plugins\org.eclipse.m2e.maven.runtime_3.9.900.20250220-2013\jars\plexus-interpolation-1.27.jar
2025-06-08 09:06:49,755 [Worker-0: Launching crypto-trading-platform] INFO  o.eclipse.m2e.core.internal.Bundles - 	Entry: D:\sts-4.30.0.RELEASE\sts-4.30.0.RELEASE\plugins\org.eclipse.m2e.maven.runtime_3.9.900.20250220-2013\jars\plexus-sec-dispatcher-2.0.jar
2025-06-08 09:06:49,755 [Worker-0: Launching crypto-trading-platform] INFO  o.eclipse.m2e.core.internal.Bundles - 	Entry: D:\sts-4.30.0.RELEASE\sts-4.30.0.RELEASE\plugins\org.eclipse.m2e.maven.runtime_3.9.900.20250220-2013\jars\plexus-utils-3.5.1.jar
2025-06-08 09:06:49,756 [Worker-0: Launching crypto-trading-platform] INFO  o.eclipse.m2e.core.internal.Bundles - 	Entry: D:\sts-4.30.0.RELEASE\sts-4.30.0.RELEASE\plugins\org.eclipse.m2e.maven.runtime_3.9.900.20250220-2013\jars\plexus-xml-3.0.1.jar
2025-06-08 09:06:49,756 [Worker-0: Launching crypto-trading-platform] INFO  o.eclipse.m2e.core.internal.Bundles - 	Entry: D:\sts-4.30.0.RELEASE\sts-4.30.0.RELEASE\plugins\org.eclipse.m2e.maven.runtime_3.9.900.20250220-2013\jars\wagon-file-3.5.3.jar
2025-06-08 09:06:49,756 [Worker-0: Launching crypto-trading-platform] INFO  o.eclipse.m2e.core.internal.Bundles - 	Entry: D:\sts-4.30.0.RELEASE\sts-4.30.0.RELEASE\plugins\org.eclipse.m2e.maven.runtime_3.9.900.20250220-2013\jars\wagon-http-3.5.3.jar
2025-06-08 09:06:49,756 [Worker-0: Launching crypto-trading-platform] INFO  o.eclipse.m2e.core.internal.Bundles - 	Entry: D:\sts-4.30.0.RELEASE\sts-4.30.0.RELEASE\plugins\org.eclipse.m2e.maven.runtime_3.9.900.20250220-2013\jars\wagon-http-shared-3.5.3.jar
2025-06-08 09:06:49,756 [Worker-0: Launching crypto-trading-platform] INFO  o.eclipse.m2e.core.internal.Bundles - 	Entry: D:\sts-4.30.0.RELEASE\sts-4.30.0.RELEASE\plugins\org.eclipse.m2e.maven.runtime_3.9.900.20250220-2013\jars\wagon-provider-api-3.5.3.jar
2025-06-08 09:06:49,756 [Worker-0: Launching crypto-trading-platform] INFO  o.eclipse.m2e.core.internal.Bundles - getClasspathEntries(Bundle=com.google.guava_33.4.0.jre [29])
2025-06-08 09:06:49,757 [Worker-0: Launching crypto-trading-platform] INFO  o.eclipse.m2e.core.internal.Bundles - 	Entry: D:\sts-4.30.0.RELEASE\sts-4.30.0.RELEASE\plugins\com.google.guava_33.4.0.jre.jar
2025-06-08 09:06:49,757 [Worker-0: Launching crypto-trading-platform] INFO  o.eclipse.m2e.core.internal.Bundles - getClasspathEntries(Bundle=slf4j.api_2.0.17 [608])
2025-06-08 09:06:49,758 [Worker-0: Launching crypto-trading-platform] INFO  o.eclipse.m2e.core.internal.Bundles - 	Entry: D:\sts-4.30.0.RELEASE\sts-4.30.0.RELEASE\plugins\slf4j.api_2.0.17.jar
2025-06-08 09:06:49,758 [Worker-0: Launching crypto-trading-platform] INFO  o.eclipse.m2e.core.internal.Bundles - getClasspathEntries(Bundle=javax.inject_1.0.0.v20220405-0441 [759])
2025-06-08 09:06:49,758 [Worker-0: Launching crypto-trading-platform] INFO  o.eclipse.m2e.core.internal.Bundles - 	Entry: D:\sts-4.30.0.RELEASE\sts-4.30.0.RELEASE\plugins\javax.inject_1.0.0.v20220405-0441.jar
2025-06-08 09:06:49,758 [Worker-0: Launching crypto-trading-platform] INFO  o.eclipse.m2e.core.internal.Bundles - getClasspathEntries(Bundle=javax.annotation_1.3.5.v20230504-0748 [758])
2025-06-08 09:06:49,759 [Worker-0: Launching crypto-trading-platform] INFO  o.eclipse.m2e.core.internal.Bundles - 	Entry: D:\sts-4.30.0.RELEASE\sts-4.30.0.RELEASE\plugins\javax.annotation_1.3.5.v20230504-0748.jar
2025-06-08 09:06:49,759 [Worker-0: Launching crypto-trading-platform] INFO  o.eclipse.m2e.core.internal.Bundles - getClasspathEntries(Bundle=org.apache.commons.cli_1.9.0 [77])
2025-06-08 09:06:49,759 [Worker-0: Launching crypto-trading-platform] INFO  o.eclipse.m2e.core.internal.Bundles - 	Entry: D:\sts-4.30.0.RELEASE\sts-4.30.0.RELEASE\plugins\org.apache.commons.cli_1.9.0.jar
2025-06-08 09:06:49,759 [Worker-0: Launching crypto-trading-platform] INFO  o.eclipse.m2e.core.internal.Bundles - getClasspathEntries(Bundle=org.apache.commons.commons-codec_1.16.0 [79])
2025-06-08 09:06:49,760 [Worker-0: Launching crypto-trading-platform] INFO  o.eclipse.m2e.core.internal.Bundles - 	Entry: D:\sts-4.30.0.RELEASE\sts-4.30.0.RELEASE\plugins\org.apache.commons.commons-codec_1.16.0.jar
2025-06-08 09:06:49,760 [Worker-0: Launching crypto-trading-platform] INFO  o.eclipse.m2e.core.internal.Bundles - getClasspathEntries(Bundle=com.google.guava.failureaccess_1.0.2 [30])
2025-06-08 09:06:49,760 [Worker-0: Launching crypto-trading-platform] INFO  o.eclipse.m2e.core.internal.Bundles - 	Entry: D:\sts-4.30.0.RELEASE\sts-4.30.0.RELEASE\plugins\com.google.guava.failureaccess_1.0.2.jar
2025-06-08 09:06:49,762 [Worker-0: Launching crypto-trading-platform] INFO  o.e.m.i.launch.MavenLaunchDelegate - Run build in "D:\CDAC-Project\backend-crypto\crypto-trading-platform":
2025-06-08 09:06:49,763 [Worker-0: Launching crypto-trading-platform] INFO  o.e.m.i.launch.MavenLaunchDelegate -  mvn  -Ppom.xml -B -Dstyle.color=always clean build
2025-06-08 09:07:03,792 [main] INFO  o.e.m2e.actions.ExecutePomAction - Creating new launch configuration
2025-06-08 09:07:13,076 [Worker-5: Launching crypto-trading-platform (1)] INFO  o.eclipse.m2e.core.internal.Bundles - getClasspathEntries(Bundle=org.eclipse.m2e.maven.runtime_3.9.900.20250220-2013 [361])
2025-06-08 09:07:13,077 [Worker-5: Launching crypto-trading-platform (1)] INFO  o.eclipse.m2e.core.internal.Bundles - 	Entry: D:\sts-4.30.0.RELEASE\sts-4.30.0.RELEASE\plugins\org.eclipse.m2e.maven.runtime_3.9.900.20250220-2013
2025-06-08 09:07:13,078 [Worker-5: Launching crypto-trading-platform (1)] INFO  o.eclipse.m2e.core.internal.Bundles - 	Entry: D:\sts-4.30.0.RELEASE\sts-4.30.0.RELEASE\plugins\org.eclipse.m2e.maven.runtime_3.9.900.20250220-2013\jars\aopalliance-1.0.jar
2025-06-08 09:07:13,078 [Worker-5: Launching crypto-trading-platform (1)] INFO  o.eclipse.m2e.core.internal.Bundles - 	Entry: D:\sts-4.30.0.RELEASE\sts-4.30.0.RELEASE\plugins\org.eclipse.m2e.maven.runtime_3.9.900.20250220-2013\jars\guice-5.1.0.jar
2025-06-08 09:07:13,078 [Worker-5: Launching crypto-trading-platform (1)] INFO  o.eclipse.m2e.core.internal.Bundles - 	Entry: D:\sts-4.30.0.RELEASE\sts-4.30.0.RELEASE\plugins\org.eclipse.m2e.maven.runtime_3.9.900.20250220-2013\jars\httpclient-4.5.14.jar
2025-06-08 09:07:13,078 [Worker-5: Launching crypto-trading-platform (1)] INFO  o.eclipse.m2e.core.internal.Bundles - 	Entry: D:\sts-4.30.0.RELEASE\sts-4.30.0.RELEASE\plugins\org.eclipse.m2e.maven.runtime_3.9.900.20250220-2013\jars\httpcore-4.4.16.jar
2025-06-08 09:07:13,078 [Worker-5: Launching crypto-trading-platform (1)] INFO  o.eclipse.m2e.core.internal.Bundles - 	Entry: D:\sts-4.30.0.RELEASE\sts-4.30.0.RELEASE\plugins\org.eclipse.m2e.maven.runtime_3.9.900.20250220-2013\jars\jansi-2.4.1.jar
2025-06-08 09:07:13,078 [Worker-5: Launching crypto-trading-platform (1)] INFO  o.eclipse.m2e.core.internal.Bundles - 	Entry: D:\sts-4.30.0.RELEASE\sts-4.30.0.RELEASE\plugins\org.eclipse.m2e.maven.runtime_3.9.900.20250220-2013\jars\jcl-over-slf4j-1.7.36.jar
2025-06-08 09:07:13,079 [Worker-5: Launching crypto-trading-platform (1)] INFO  o.eclipse.m2e.core.internal.Bundles - 	Entry: D:\sts-4.30.0.RELEASE\sts-4.30.0.RELEASE\plugins\org.eclipse.m2e.maven.runtime_3.9.900.20250220-2013\jars\maven-artifact-3.9.9.jar
2025-06-08 09:07:13,079 [Worker-5: Launching crypto-trading-platform (1)] INFO  o.eclipse.m2e.core.internal.Bundles - 	Entry: D:\sts-4.30.0.RELEASE\sts-4.30.0.RELEASE\plugins\org.eclipse.m2e.maven.runtime_3.9.900.20250220-2013\jars\maven-builder-support-3.9.9.jar
2025-06-08 09:07:13,079 [Worker-5: Launching crypto-trading-platform (1)] INFO  o.eclipse.m2e.core.internal.Bundles - 	Entry: D:\sts-4.30.0.RELEASE\sts-4.30.0.RELEASE\plugins\org.eclipse.m2e.maven.runtime_3.9.900.20250220-2013\jars\maven-compat-3.9.9.jar
2025-06-08 09:07:13,079 [Worker-5: Launching crypto-trading-platform (1)] INFO  o.eclipse.m2e.core.internal.Bundles - 	Entry: D:\sts-4.30.0.RELEASE\sts-4.30.0.RELEASE\plugins\org.eclipse.m2e.maven.runtime_3.9.900.20250220-2013\jars\maven-core-3.9.9.jar
2025-06-08 09:07:13,079 [Worker-5: Launching crypto-trading-platform (1)] INFO  o.eclipse.m2e.core.internal.Bundles - 	Entry: D:\sts-4.30.0.RELEASE\sts-4.30.0.RELEASE\plugins\org.eclipse.m2e.maven.runtime_3.9.900.20250220-2013\jars\maven-embedder-3.9.9.jar
2025-06-08 09:07:13,079 [Worker-5: Launching crypto-trading-platform (1)] INFO  o.eclipse.m2e.core.internal.Bundles - 	Entry: D:\sts-4.30.0.RELEASE\sts-4.30.0.RELEASE\plugins\org.eclipse.m2e.maven.runtime_3.9.900.20250220-2013\jars\maven-model-3.9.9.jar
2025-06-08 09:07:13,079 [Worker-5: Launching crypto-trading-platform (1)] INFO  o.eclipse.m2e.core.internal.Bundles - 	Entry: D:\sts-4.30.0.RELEASE\sts-4.30.0.RELEASE\plugins\org.eclipse.m2e.maven.runtime_3.9.900.20250220-2013\jars\maven-model-builder-3.9.9.jar
2025-06-08 09:07:13,080 [Worker-5: Launching crypto-trading-platform (1)] INFO  o.eclipse.m2e.core.internal.Bundles - 	Entry: D:\sts-4.30.0.RELEASE\sts-4.30.0.RELEASE\plugins\org.eclipse.m2e.maven.runtime_3.9.900.20250220-2013\jars\maven-plugin-api-3.9.9.jar
2025-06-08 09:07:13,080 [Worker-5: Launching crypto-trading-platform (1)] INFO  o.eclipse.m2e.core.internal.Bundles - 	Entry: D:\sts-4.30.0.RELEASE\sts-4.30.0.RELEASE\plugins\org.eclipse.m2e.maven.runtime_3.9.900.20250220-2013\jars\maven-repository-metadata-3.9.9.jar
2025-06-08 09:07:13,080 [Worker-5: Launching crypto-trading-platform (1)] INFO  o.eclipse.m2e.core.internal.Bundles - 	Entry: D:\sts-4.30.0.RELEASE\sts-4.30.0.RELEASE\plugins\org.eclipse.m2e.maven.runtime_3.9.900.20250220-2013\jars\maven-resolver-api-1.9.22.jar
2025-06-08 09:07:13,080 [Worker-5: Launching crypto-trading-platform (1)] INFO  o.eclipse.m2e.core.internal.Bundles - 	Entry: D:\sts-4.30.0.RELEASE\sts-4.30.0.RELEASE\plugins\org.eclipse.m2e.maven.runtime_3.9.900.20250220-2013\jars\maven-resolver-connector-basic-1.9.22.jar
2025-06-08 09:07:13,080 [Worker-5: Launching crypto-trading-platform (1)] INFO  o.eclipse.m2e.core.internal.Bundles - 	Entry: D:\sts-4.30.0.RELEASE\sts-4.30.0.RELEASE\plugins\org.eclipse.m2e.maven.runtime_3.9.900.20250220-2013\jars\maven-resolver-impl-1.9.22.jar
2025-06-08 09:07:13,080 [Worker-5: Launching crypto-trading-platform (1)] INFO  o.eclipse.m2e.core.internal.Bundles - 	Entry: D:\sts-4.30.0.RELEASE\sts-4.30.0.RELEASE\plugins\org.eclipse.m2e.maven.runtime_3.9.900.20250220-2013\jars\maven-resolver-named-locks-1.9.22.jar
2025-06-08 09:07:13,081 [Worker-5: Launching crypto-trading-platform (1)] INFO  o.eclipse.m2e.core.internal.Bundles - 	Entry: D:\sts-4.30.0.RELEASE\sts-4.30.0.RELEASE\plugins\org.eclipse.m2e.maven.runtime_3.9.900.20250220-2013\jars\maven-resolver-provider-3.9.9.jar
2025-06-08 09:07:13,081 [Worker-5: Launching crypto-trading-platform (1)] INFO  o.eclipse.m2e.core.internal.Bundles - 	Entry: D:\sts-4.30.0.RELEASE\sts-4.30.0.RELEASE\plugins\org.eclipse.m2e.maven.runtime_3.9.900.20250220-2013\jars\maven-resolver-spi-1.9.22.jar
2025-06-08 09:07:13,081 [Worker-5: Launching crypto-trading-platform (1)] INFO  o.eclipse.m2e.core.internal.Bundles - 	Entry: D:\sts-4.30.0.RELEASE\sts-4.30.0.RELEASE\plugins\org.eclipse.m2e.maven.runtime_3.9.900.20250220-2013\jars\maven-resolver-transport-file-1.9.22.jar
2025-06-08 09:07:13,081 [Worker-5: Launching crypto-trading-platform (1)] INFO  o.eclipse.m2e.core.internal.Bundles - 	Entry: D:\sts-4.30.0.RELEASE\sts-4.30.0.RELEASE\plugins\org.eclipse.m2e.maven.runtime_3.9.900.20250220-2013\jars\maven-resolver-transport-http-1.9.22.jar
2025-06-08 09:07:13,081 [Worker-5: Launching crypto-trading-platform (1)] INFO  o.eclipse.m2e.core.internal.Bundles - 	Entry: D:\sts-4.30.0.RELEASE\sts-4.30.0.RELEASE\plugins\org.eclipse.m2e.maven.runtime_3.9.900.20250220-2013\jars\maven-resolver-transport-wagon-1.9.22.jar
2025-06-08 09:07:13,081 [Worker-5: Launching crypto-trading-platform (1)] INFO  o.eclipse.m2e.core.internal.Bundles - 	Entry: D:\sts-4.30.0.RELEASE\sts-4.30.0.RELEASE\plugins\org.eclipse.m2e.maven.runtime_3.9.900.20250220-2013\jars\maven-resolver-util-1.9.22.jar
2025-06-08 09:07:13,081 [Worker-5: Launching crypto-trading-platform (1)] INFO  o.eclipse.m2e.core.internal.Bundles - 	Entry: D:\sts-4.30.0.RELEASE\sts-4.30.0.RELEASE\plugins\org.eclipse.m2e.maven.runtime_3.9.900.20250220-2013\jars\maven-settings-3.9.9.jar
2025-06-08 09:07:13,082 [Worker-5: Launching crypto-trading-platform (1)] INFO  o.eclipse.m2e.core.internal.Bundles - 	Entry: D:\sts-4.30.0.RELEASE\sts-4.30.0.RELEASE\plugins\org.eclipse.m2e.maven.runtime_3.9.900.20250220-2013\jars\maven-settings-builder-3.9.9.jar
2025-06-08 09:07:13,082 [Worker-5: Launching crypto-trading-platform (1)] INFO  o.eclipse.m2e.core.internal.Bundles - 	Entry: D:\sts-4.30.0.RELEASE\sts-4.30.0.RELEASE\plugins\org.eclipse.m2e.maven.runtime_3.9.900.20250220-2013\jars\maven-shared-utils-3.4.2.jar
2025-06-08 09:07:13,082 [Worker-5: Launching crypto-trading-platform (1)] INFO  o.eclipse.m2e.core.internal.Bundles - 	Entry: D:\sts-4.30.0.RELEASE\sts-4.30.0.RELEASE\plugins\org.eclipse.m2e.maven.runtime_3.9.900.20250220-2013\jars\org.eclipse.sisu.inject-0.9.0.M3.jar
2025-06-08 09:07:13,082 [Worker-5: Launching crypto-trading-platform (1)] INFO  o.eclipse.m2e.core.internal.Bundles - 	Entry: D:\sts-4.30.0.RELEASE\sts-4.30.0.RELEASE\plugins\org.eclipse.m2e.maven.runtime_3.9.900.20250220-2013\jars\org.eclipse.sisu.plexus-0.9.0.M3.jar
2025-06-08 09:07:13,083 [Worker-5: Launching crypto-trading-platform (1)] INFO  o.eclipse.m2e.core.internal.Bundles - 	Entry: D:\sts-4.30.0.RELEASE\sts-4.30.0.RELEASE\plugins\org.eclipse.m2e.maven.runtime_3.9.900.20250220-2013\jars\plexus-build-api-0.0.7.jar
2025-06-08 09:07:13,083 [Worker-5: Launching crypto-trading-platform (1)] INFO  o.eclipse.m2e.core.internal.Bundles - 	Entry: D:\sts-4.30.0.RELEASE\sts-4.30.0.RELEASE\plugins\org.eclipse.m2e.maven.runtime_3.9.900.20250220-2013\jars\plexus-build-api-1.2.0.jar
2025-06-08 09:07:13,083 [Worker-5: Launching crypto-trading-platform (1)] INFO  o.eclipse.m2e.core.internal.Bundles - 	Entry: D:\sts-4.30.0.RELEASE\sts-4.30.0.RELEASE\plugins\org.eclipse.m2e.maven.runtime_3.9.900.20250220-2013\jars\plexus-cipher-2.0.jar
2025-06-08 09:07:13,083 [Worker-5: Launching crypto-trading-platform (1)] INFO  o.eclipse.m2e.core.internal.Bundles - 	Entry: D:\sts-4.30.0.RELEASE\sts-4.30.0.RELEASE\plugins\org.eclipse.m2e.maven.runtime_3.9.900.20250220-2013\jars\plexus-classworlds-2.8.0.jar
2025-06-08 09:07:13,083 [Worker-5: Launching crypto-trading-platform (1)] INFO  o.eclipse.m2e.core.internal.Bundles - 	Entry: D:\sts-4.30.0.RELEASE\sts-4.30.0.RELEASE\plugins\org.eclipse.m2e.maven.runtime_3.9.900.20250220-2013\jars\plexus-component-annotations-2.1.0.jar
2025-06-08 09:07:13,083 [Worker-5: Launching crypto-trading-platform (1)] INFO  o.eclipse.m2e.core.internal.Bundles - 	Entry: D:\sts-4.30.0.RELEASE\sts-4.30.0.RELEASE\plugins\org.eclipse.m2e.maven.runtime_3.9.900.20250220-2013\jars\plexus-interpolation-1.27.jar
2025-06-08 09:07:13,083 [Worker-5: Launching crypto-trading-platform (1)] INFO  o.eclipse.m2e.core.internal.Bundles - 	Entry: D:\sts-4.30.0.RELEASE\sts-4.30.0.RELEASE\plugins\org.eclipse.m2e.maven.runtime_3.9.900.20250220-2013\jars\plexus-sec-dispatcher-2.0.jar
2025-06-08 09:07:13,083 [Worker-5: Launching crypto-trading-platform (1)] INFO  o.eclipse.m2e.core.internal.Bundles - 	Entry: D:\sts-4.30.0.RELEASE\sts-4.30.0.RELEASE\plugins\org.eclipse.m2e.maven.runtime_3.9.900.20250220-2013\jars\plexus-utils-3.5.1.jar
2025-06-08 09:07:13,084 [Worker-5: Launching crypto-trading-platform (1)] INFO  o.eclipse.m2e.core.internal.Bundles - 	Entry: D:\sts-4.30.0.RELEASE\sts-4.30.0.RELEASE\plugins\org.eclipse.m2e.maven.runtime_3.9.900.20250220-2013\jars\plexus-xml-3.0.1.jar
2025-06-08 09:07:13,084 [Worker-5: Launching crypto-trading-platform (1)] INFO  o.eclipse.m2e.core.internal.Bundles - 	Entry: D:\sts-4.30.0.RELEASE\sts-4.30.0.RELEASE\plugins\org.eclipse.m2e.maven.runtime_3.9.900.20250220-2013\jars\wagon-file-3.5.3.jar
2025-06-08 09:07:13,084 [Worker-5: Launching crypto-trading-platform (1)] INFO  o.eclipse.m2e.core.internal.Bundles - 	Entry: D:\sts-4.30.0.RELEASE\sts-4.30.0.RELEASE\plugins\org.eclipse.m2e.maven.runtime_3.9.900.20250220-2013\jars\wagon-http-3.5.3.jar
2025-06-08 09:07:13,084 [Worker-5: Launching crypto-trading-platform (1)] INFO  o.eclipse.m2e.core.internal.Bundles - 	Entry: D:\sts-4.30.0.RELEASE\sts-4.30.0.RELEASE\plugins\org.eclipse.m2e.maven.runtime_3.9.900.20250220-2013\jars\wagon-http-shared-3.5.3.jar
2025-06-08 09:07:13,084 [Worker-5: Launching crypto-trading-platform (1)] INFO  o.eclipse.m2e.core.internal.Bundles - 	Entry: D:\sts-4.30.0.RELEASE\sts-4.30.0.RELEASE\plugins\org.eclipse.m2e.maven.runtime_3.9.900.20250220-2013\jars\wagon-provider-api-3.5.3.jar
2025-06-08 09:07:13,084 [Worker-5: Launching crypto-trading-platform (1)] INFO  o.eclipse.m2e.core.internal.Bundles - getClasspathEntries(Bundle=com.google.guava_33.4.0.jre [29])
2025-06-08 09:07:13,085 [Worker-5: Launching crypto-trading-platform (1)] INFO  o.eclipse.m2e.core.internal.Bundles - 	Entry: D:\sts-4.30.0.RELEASE\sts-4.30.0.RELEASE\plugins\com.google.guava_33.4.0.jre.jar
2025-06-08 09:07:13,086 [Worker-5: Launching crypto-trading-platform (1)] INFO  o.eclipse.m2e.core.internal.Bundles - getClasspathEntries(Bundle=slf4j.api_2.0.17 [608])
2025-06-08 09:07:13,086 [Worker-5: Launching crypto-trading-platform (1)] INFO  o.eclipse.m2e.core.internal.Bundles - 	Entry: D:\sts-4.30.0.RELEASE\sts-4.30.0.RELEASE\plugins\slf4j.api_2.0.17.jar
2025-06-08 09:07:13,086 [Worker-5: Launching crypto-trading-platform (1)] INFO  o.eclipse.m2e.core.internal.Bundles - getClasspathEntries(Bundle=javax.inject_1.0.0.v20220405-0441 [759])
2025-06-08 09:07:13,087 [Worker-5: Launching crypto-trading-platform (1)] INFO  o.eclipse.m2e.core.internal.Bundles - 	Entry: D:\sts-4.30.0.RELEASE\sts-4.30.0.RELEASE\plugins\javax.inject_1.0.0.v20220405-0441.jar
2025-06-08 09:07:13,087 [Worker-5: Launching crypto-trading-platform (1)] INFO  o.eclipse.m2e.core.internal.Bundles - getClasspathEntries(Bundle=javax.annotation_1.3.5.v20230504-0748 [758])
2025-06-08 09:07:13,087 [Worker-5: Launching crypto-trading-platform (1)] INFO  o.eclipse.m2e.core.internal.Bundles - 	Entry: D:\sts-4.30.0.RELEASE\sts-4.30.0.RELEASE\plugins\javax.annotation_1.3.5.v20230504-0748.jar
2025-06-08 09:07:13,088 [Worker-5: Launching crypto-trading-platform (1)] INFO  o.eclipse.m2e.core.internal.Bundles - getClasspathEntries(Bundle=org.apache.commons.cli_1.9.0 [77])
2025-06-08 09:07:13,088 [Worker-5: Launching crypto-trading-platform (1)] INFO  o.eclipse.m2e.core.internal.Bundles - 	Entry: D:\sts-4.30.0.RELEASE\sts-4.30.0.RELEASE\plugins\org.apache.commons.cli_1.9.0.jar
2025-06-08 09:07:13,088 [Worker-5: Launching crypto-trading-platform (1)] INFO  o.eclipse.m2e.core.internal.Bundles - getClasspathEntries(Bundle=org.apache.commons.commons-codec_1.16.0 [79])
2025-06-08 09:07:13,088 [Worker-5: Launching crypto-trading-platform (1)] INFO  o.eclipse.m2e.core.internal.Bundles - 	Entry: D:\sts-4.30.0.RELEASE\sts-4.30.0.RELEASE\plugins\org.apache.commons.commons-codec_1.16.0.jar
2025-06-08 09:07:13,088 [Worker-5: Launching crypto-trading-platform (1)] INFO  o.eclipse.m2e.core.internal.Bundles - getClasspathEntries(Bundle=com.google.guava.failureaccess_1.0.2 [30])
2025-06-08 09:07:13,089 [Worker-5: Launching crypto-trading-platform (1)] INFO  o.eclipse.m2e.core.internal.Bundles - 	Entry: D:\sts-4.30.0.RELEASE\sts-4.30.0.RELEASE\plugins\com.google.guava.failureaccess_1.0.2.jar
2025-06-08 09:07:13,091 [Worker-5: Launching crypto-trading-platform (1)] INFO  o.e.m.i.launch.MavenLaunchDelegate - Run build in "D:\CDAC-Project\backend-crypto\crypto-trading-platform":
2025-06-08 09:07:13,092 [Worker-5: Launching crypto-trading-platform (1)] INFO  o.e.m.i.launch.MavenLaunchDelegate -  mvn  -Ppom.xml -B -Dmaven.test.skip=true -DskipTests -Dstyle.color=always clean
2025-06-08 09:07:28,495 [Worker-8: Updating Maven Project] INFO  o.e.m.c.i.p.ProjectConfigurationManager - Update started
2025-06-08 09:07:29,300 [Worker-8: Updating Maven Project] INFO  o.e.m.c.i.l.LifecycleMappingFactory - Using org.eclipse.m2e.jdt.JarLifecycleMapping lifecycle mapping for MavenProject: com.crypto:crypto-trading-platform:0.0.1-SNAPSHOT @ D:\CDAC-Project\backend-crypto\crypto-trading-platform\pom.xml.
2025-06-08 09:07:31,018 [Worker-8: Updating Maven Project] INFO  o.e.m.j.i.AbstractJavaProjectConfigurator - Adding source folder /crypto-trading-platform/src/main/java
2025-06-08 09:07:31,019 [Worker-8: Updating Maven Project] INFO  o.e.m.j.i.AbstractJavaProjectConfigurator - Adding resource folder /crypto-trading-platform/src/main/resources
2025-06-08 09:07:31,020 [Worker-8: Updating Maven Project] INFO  o.e.m.j.i.AbstractJavaProjectConfigurator - Adding resource folder /crypto-trading-platform/src/main/resources
2025-06-08 09:07:31,020 [Worker-8: Updating Maven Project] INFO  o.e.m.j.i.AbstractJavaProjectConfigurator - Adding source folder /crypto-trading-platform/src/test/java
2025-06-08 09:07:31,022 [Worker-8: Updating Maven Project] INFO  o.e.m.j.i.AbstractJavaProjectConfigurator - Adding resource folder /crypto-trading-platform/src/test/resources
2025-06-08 09:07:31,586 [Worker-8: Updating Maven Project] INFO  o.e.m.c.i.p.ProjectConfigurationManager - Update completed for 1 poms: local refresh takes 0.00 sec, refresh facades takes 2.00 sec, update config takes 0.00 sec 
2025-06-08 09:07:31,957 [Worker-11: Building] INFO  o.a.m.s.f.DefaultMavenResourcesFiltering - Copying 1 resource from src\main\resources to target\classes
2025-06-08 09:07:31,982 [Worker-11: Building] INFO  o.a.m.s.f.DefaultMavenResourcesFiltering - Copying 0 resource from src\main\resources to target\classes
2025-06-08 09:07:31,988 [Worker-11: Building] INFO  o.a.m.s.f.DefaultMavenResourcesFiltering - skip non existing resourceDirectory D:\CDAC-Project\backend-crypto\crypto-trading-platform\src\test\resources
